INFO - Refreshing org.springframework.context.support.ClassPathXmlApplicationContext@2d8aaa1e: startup date [Fri Feb 12 19:56:11 IST 2016]; root of context hierarchy 
INFO - Loading XML bean definitions from class path resource [jlcindia.xml] 
DEBUG - Using JAXP provider [com.sun.org.apache.xerces.internal.jaxp.DocumentBuilderFactoryImpl] 
DEBUG - Trying to resolve XML entity with public id [null] and system id [http://www.springframework.org/schema/beans/spring-beans-3.0.xsd] 
DEBUG - Loading schema mappings from [META-INF/spring.schemas] 
DEBUG - Loaded schema mappings: {http://www.springframework.org/schema/oxm/spring-oxm-3.0.xsd=org/springframework/oxm/config/spring-oxm-3.0.xsd, http://www.springframework.org/schema/util/spring-util.xsd=org/springframework/beans/factory/xml/spring-util-3.0.xsd, http://www.springframework.org/schema/jms/spring-jms-3.0.xsd=org/springframework/jms/config/spring-jms-3.0.xsd, http://www.springframework.org/schema/task/spring-task.xsd=org/springframework/scheduling/config/spring-task-3.0.xsd, http://www.springframework.org/schema/aop/spring-aop-3.0.xsd=org/springframework/aop/config/spring-aop-3.0.xsd, http://www.springframework.org/schema/aop/spring-aop-2.0.xsd=org/springframework/aop/config/spring-aop-2.0.xsd, http://www.springframework.org/schema/oxm/spring-oxm.xsd=org/springframework/oxm/config/spring-oxm-3.0.xsd, http://www.springframework.org/schema/tool/spring-tool-2.5.xsd=org/springframework/beans/factory/xml/spring-tool-2.5.xsd, http://www.springframework.org/schema/beans/spring-beans.xsd=org/springframework/beans/factory/xml/spring-beans-3.0.xsd, http://www.springframework.org/schema/jee/spring-jee-2.5.xsd=org/springframework/ejb/config/spring-jee-2.5.xsd, http://www.springframework.org/schema/aop/spring-aop.xsd=org/springframework/aop/config/spring-aop-3.0.xsd, http://www.springframework.org/schema/beans/spring-beans-2.0.xsd=org/springframework/beans/factory/xml/spring-beans-2.0.xsd, http://www.springframework.org/schema/mvc/spring-mvc-3.0.xsd=org/springframework/web/servlet/config/spring-mvc-3.0.xsd, http://www.springframework.org/schema/beans/spring-beans-3.0.xsd=org/springframework/beans/factory/xml/spring-beans-3.0.xsd, http://www.springframework.org/schema/task/spring-task-3.0.xsd=org/springframework/scheduling/config/spring-task-3.0.xsd, http://www.springframework.org/schema/tx/spring-tx-2.5.xsd=org/springframework/transaction/config/spring-tx-2.5.xsd, http://www.springframework.org/schema/context/spring-context-2.5.xsd=org/springframework/context/config/spring-context-2.5.xsd, http://www.springframework.org/schema/jdbc/spring-jdbc-3.0.xsd=org/springframework/jdbc/config/spring-jdbc-3.0.xsd, http://www.springframework.org/schema/tool/spring-tool-3.0.xsd=org/springframework/beans/factory/xml/spring-tool-3.0.xsd, http://www.springframework.org/schema/tx/spring-tx.xsd=org/springframework/transaction/config/spring-tx-3.0.xsd, http://www.springframework.org/schema/tool/spring-tool-2.0.xsd=org/springframework/beans/factory/xml/spring-tool-2.0.xsd, http://www.springframework.org/schema/util/spring-util-2.5.xsd=org/springframework/beans/factory/xml/spring-util-2.5.xsd, http://www.springframework.org/schema/lang/spring-lang.xsd=org/springframework/scripting/config/spring-lang-3.0.xsd, http://www.springframework.org/schema/lang/spring-lang-2.5.xsd=org/springframework/scripting/config/spring-lang-2.5.xsd, http://www.springframework.org/schema/jee/spring-jee-3.0.xsd=org/springframework/ejb/config/spring-jee-3.0.xsd, http://www.springframework.org/schema/jee/spring-jee-2.0.xsd=org/springframework/ejb/config/spring-jee-2.0.xsd, http://www.springframework.org/schema/context/spring-context.xsd=org/springframework/context/config/spring-context-3.0.xsd, http://www.springframework.org/schema/jee/spring-jee.xsd=org/springframework/ejb/config/spring-jee-3.0.xsd, http://www.springframework.org/schema/jms/spring-jms-2.5.xsd=org/springframework/jms/config/spring-jms-2.5.xsd, http://www.springframework.org/schema/jms/spring-jms.xsd=org/springframework/jms/config/spring-jms-3.0.xsd, http://www.springframework.org/schema/aop/spring-aop-2.5.xsd=org/springframework/aop/config/spring-aop-2.5.xsd, http://www.springframework.org/schema/mvc/spring-mvc.xsd=org/springframework/web/servlet/config/spring-mvc-3.0.xsd, http://www.springframework.org/schema/jdbc/spring-jdbc.xsd=org/springframework/jdbc/config/spring-jdbc-3.0.xsd, http://www.springframework.org/schema/tx/spring-tx-2.0.xsd=org/springframework/transaction/config/spring-tx-2.0.xsd, http://www.springframework.org/schema/tx/spring-tx-3.0.xsd=org/springframework/transaction/config/spring-tx-3.0.xsd, http://www.springframework.org/schema/context/spring-context-3.0.xsd=org/springframework/context/config/spring-context-3.0.xsd, http://www.springframework.org/schema/tool/spring-tool.xsd=org/springframework/beans/factory/xml/spring-tool-3.0.xsd, http://www.springframework.org/schema/util/spring-util-3.0.xsd=org/springframework/beans/factory/xml/spring-util-3.0.xsd, http://www.springframework.org/schema/lang/spring-lang-3.0.xsd=org/springframework/scripting/config/spring-lang-3.0.xsd, http://www.springframework.org/schema/util/spring-util-2.0.xsd=org/springframework/beans/factory/xml/spring-util-2.0.xsd, http://www.springframework.org/schema/lang/spring-lang-2.0.xsd=org/springframework/scripting/config/spring-lang-2.0.xsd, http://www.springframework.org/schema/beans/spring-beans-2.5.xsd=org/springframework/beans/factory/xml/spring-beans-2.5.xsd} 
DEBUG - Found XML schema [http://www.springframework.org/schema/beans/spring-beans-3.0.xsd] in classpath: org/springframework/beans/factory/xml/spring-beans-3.0.xsd 
DEBUG - Trying to resolve XML entity with public id [null] and system id [http://www.springframework.org/schema/context/spring-context-3.0.xsd] 
DEBUG - Found XML schema [http://www.springframework.org/schema/context/spring-context-3.0.xsd] in classpath: org/springframework/context/config/spring-context-3.0.xsd 
DEBUG - Trying to resolve XML entity with public id [null] and system id [http://www.springframework.org/schema/tool/spring-tool-3.0.xsd] 
DEBUG - Found XML schema [http://www.springframework.org/schema/tool/spring-tool-3.0.xsd] in classpath: org/springframework/beans/factory/xml/spring-tool-3.0.xsd 
DEBUG - Loading bean definitions 
DEBUG - Loaded NamespaceHandler mappings: {http://www.springframework.org/schema/p=org.springframework.beans.factory.xml.SimplePropertyNamespaceHandler, http://www.springframework.org/schema/mvc=org.springframework.web.servlet.config.MvcNamespaceHandler, http://www.springframework.org/schema/util=org.springframework.beans.factory.xml.UtilNamespaceHandler, http://www.springframework.org/schema/jee=org.springframework.ejb.config.JeeNamespaceHandler, http://www.springframework.org/schema/aop=org.springframework.aop.config.AopNamespaceHandler, http://www.springframework.org/schema/oxm=org.springframework.oxm.config.OxmNamespaceHandler, http://www.springframework.org/schema/jdbc=org.springframework.jdbc.config.JdbcNamespaceHandler, http://www.springframework.org/schema/tx=org.springframework.transaction.config.TxNamespaceHandler, http://www.springframework.org/schema/jms=org.springframework.jms.config.JmsNamespaceHandler, http://www.springframework.org/schema/task=org.springframework.scheduling.config.TaskNamespaceHandler, http://www.springframework.org/schema/lang=org.springframework.scripting.config.LangNamespaceHandler, http://www.springframework.org/schema/context=org.springframework.context.config.ContextNamespaceHandler} 
DEBUG - Loaded 7 bean definitions from location pattern [jlcindia.xml] 
DEBUG - Bean factory for org.springframework.context.support.ClassPathXmlApplicationContext@2d8aaa1e: org.springframework.beans.factory.support.DefaultListableBeanFactory@6f25844f: defining beans [org.springframework.context.annotation.internalConfigurationAnnotationProcessor,org.springframework.context.annotation.internalAutowiredAnnotationProcessor,org.springframework.context.annotation.internalRequiredAnnotationProcessor,org.springframework.context.annotation.internalCommonAnnotationProcessor,aobj,bobj,hello]; root of factory hierarchy 
DEBUG - Creating shared instance of singleton bean 'org.springframework.context.annotation.internalConfigurationAnnotationProcessor' 
DEBUG - Creating instance of bean 'org.springframework.context.annotation.internalConfigurationAnnotationProcessor' 
DEBUG - Eagerly caching bean 'org.springframework.context.annotation.internalConfigurationAnnotationProcessor' to allow for resolving potential circular references 
DEBUG - Finished creating instance of bean 'org.springframework.context.annotation.internalConfigurationAnnotationProcessor' 
DEBUG - Creating shared instance of singleton bean 'org.springframework.context.annotation.internalAutowiredAnnotationProcessor' 
DEBUG - Creating instance of bean 'org.springframework.context.annotation.internalAutowiredAnnotationProcessor' 
DEBUG - Eagerly caching bean 'org.springframework.context.annotation.internalAutowiredAnnotationProcessor' to allow for resolving potential circular references 
DEBUG - Finished creating instance of bean 'org.springframework.context.annotation.internalAutowiredAnnotationProcessor' 
DEBUG - Creating shared instance of singleton bean 'org.springframework.context.annotation.internalRequiredAnnotationProcessor' 
DEBUG - Creating instance of bean 'org.springframework.context.annotation.internalRequiredAnnotationProcessor' 
DEBUG - Eagerly caching bean 'org.springframework.context.annotation.internalRequiredAnnotationProcessor' to allow for resolving potential circular references 
DEBUG - Finished creating instance of bean 'org.springframework.context.annotation.internalRequiredAnnotationProcessor' 
DEBUG - Creating shared instance of singleton bean 'org.springframework.context.annotation.internalCommonAnnotationProcessor' 
DEBUG - Creating instance of bean 'org.springframework.context.annotation.internalCommonAnnotationProcessor' 
DEBUG - Eagerly caching bean 'org.springframework.context.annotation.internalCommonAnnotationProcessor' to allow for resolving potential circular references 
DEBUG - Finished creating instance of bean 'org.springframework.context.annotation.internalCommonAnnotationProcessor' 
DEBUG - Unable to locate MessageSource with name 'messageSource': using default [org.springframework.context.support.DelegatingMessageSource@2927fa12] 
DEBUG - Unable to locate ApplicationEventMulticaster with name 'applicationEventMulticaster': using default [org.springframework.context.event.SimpleApplicationEventMulticaster@f9da4fc] 
INFO - Pre-instantiating singletons in org.springframework.beans.factory.support.DefaultListableBeanFactory@6f25844f: defining beans [org.springframework.context.annotation.internalConfigurationAnnotationProcessor,org.springframework.context.annotation.internalAutowiredAnnotationProcessor,org.springframework.context.annotation.internalRequiredAnnotationProcessor,org.springframework.context.annotation.internalCommonAnnotationProcessor,aobj,bobj,hello]; root of factory hierarchy 
DEBUG - Returning cached instance of singleton bean 'org.springframework.context.annotation.internalConfigurationAnnotationProcessor' 
DEBUG - Returning cached instance of singleton bean 'org.springframework.context.annotation.internalAutowiredAnnotationProcessor' 
DEBUG - Returning cached instance of singleton bean 'org.springframework.context.annotation.internalRequiredAnnotationProcessor' 
DEBUG - Returning cached instance of singleton bean 'org.springframework.context.annotation.internalCommonAnnotationProcessor' 
DEBUG - Creating shared instance of singleton bean 'aobj' 
DEBUG - Creating instance of bean 'aobj' 
DEBUG - Eagerly caching bean 'aobj' to allow for resolving potential circular references 
DEBUG - Getting BeanInfo for class [com.jlcindia.spring.A] 
DEBUG - Caching PropertyDescriptors for class [com.jlcindia.spring.A] 
DEBUG - Found bean property 'a' of type [int] 
DEBUG - Found bean property 'class' of type [java.lang.Class] 
DEBUG - Found bean property 'msg' of type [java.lang.String] 
DEBUG - Converting String to [int] using property editor [org.springframework.beans.propertyeditors.CustomNumberEditor@68ed662d] 
DEBUG - Finished creating instance of bean 'aobj' 
DEBUG - Creating shared instance of singleton bean 'bobj' 
DEBUG - Creating instance of bean 'bobj' 
DEBUG - Converting String to [int] using property editor [org.springframework.beans.propertyeditors.CustomNumberEditor@3c01d5a0] 
DEBUG - Eagerly caching bean 'bobj' to allow for resolving potential circular references 
DEBUG - Getting BeanInfo for class [com.jlcindia.spring.B] 
DEBUG - Caching PropertyDescriptors for class [com.jlcindia.spring.B] 
DEBUG - Found bean property 'class' of type [java.lang.Class] 
DEBUG - Finished creating instance of bean 'bobj' 
DEBUG - Creating shared instance of singleton bean 'hello' 
DEBUG - Creating instance of bean 'hello' 
DEBUG - Found injected element on class [com.jlcindia.spring.Hello]: AutowiredFieldElement for private com.jlcindia.spring.A com.jlcindia.spring.Hello.aobj 
DEBUG - Found injected element on class [com.jlcindia.spring.Hello]: AutowiredFieldElement for private com.jlcindia.spring.B com.jlcindia.spring.Hello.bobj 
DEBUG - Eagerly caching bean 'hello' to allow for resolving potential circular references 
DEBUG - Getting BeanInfo for class [com.jlcindia.spring.Hello] 
DEBUG - Caching PropertyDescriptors for class [com.jlcindia.spring.Hello] 
DEBUG - Found bean property 'class' of type [java.lang.Class] 
DEBUG - Processing injected method of bean 'hello': AutowiredFieldElement for private com.jlcindia.spring.A com.jlcindia.spring.Hello.aobj 
DEBUG - Returning cached instance of singleton bean 'aobj' 
DEBUG - Autowiring by type from bean name 'hello' to bean named 'aobj' 
DEBUG - Processing injected method of bean 'hello': AutowiredFieldElement for private com.jlcindia.spring.B com.jlcindia.spring.Hello.bobj 
DEBUG - Returning cached instance of singleton bean 'bobj' 
DEBUG - Autowiring by type from bean name 'hello' to bean named 'bobj' 
DEBUG - Finished creating instance of bean 'hello' 
DEBUG - Unable to locate LifecycleProcessor with name 'lifecycleProcessor': using default [org.springframework.context.support.DefaultLifecycleProcessor@63b0bdc8] 
DEBUG - Returning cached instance of singleton bean 'lifecycleProcessor' 
DEBUG - Publishing event in org.springframework.context.support.ClassPathXmlApplicationContext@2d8aaa1e: org.springframework.context.event.ContextRefreshedEvent[source=org.springframework.context.support.ClassPathXmlApplicationContext@2d8aaa1e: startup date [Fri Feb 12 19:56:11 IST 2016]; root of context hierarchy] 
DEBUG - Returning cached instance of singleton bean 'hello' 
INFO - Refreshing org.springframework.context.support.ClassPathXmlApplicationContext@6aa6aeed: startup date [Sat Feb 13 20:10:06 IST 2016]; root of context hierarchy 
INFO - Loading XML bean definitions from class path resource [jlcindia.xml] 
DEBUG - Using JAXP provider [com.sun.org.apache.xerces.internal.jaxp.DocumentBuilderFactoryImpl] 
DEBUG - Trying to resolve XML entity with public id [null] and system id [http://www.springframework.org/schema/beans/spring-beans-3.0.xsd] 
DEBUG - Loading schema mappings from [META-INF/spring.schemas] 
DEBUG - Loaded schema mappings: {http://www.springframework.org/schema/oxm/spring-oxm-3.0.xsd=org/springframework/oxm/config/spring-oxm-3.0.xsd, http://www.springframework.org/schema/util/spring-util.xsd=org/springframework/beans/factory/xml/spring-util-3.0.xsd, http://www.springframework.org/schema/jms/spring-jms-3.0.xsd=org/springframework/jms/config/spring-jms-3.0.xsd, http://www.springframework.org/schema/task/spring-task.xsd=org/springframework/scheduling/config/spring-task-3.0.xsd, http://www.springframework.org/schema/aop/spring-aop-3.0.xsd=org/springframework/aop/config/spring-aop-3.0.xsd, http://www.springframework.org/schema/aop/spring-aop-2.0.xsd=org/springframework/aop/config/spring-aop-2.0.xsd, http://www.springframework.org/schema/oxm/spring-oxm.xsd=org/springframework/oxm/config/spring-oxm-3.0.xsd, http://www.springframework.org/schema/tool/spring-tool-2.5.xsd=org/springframework/beans/factory/xml/spring-tool-2.5.xsd, http://www.springframework.org/schema/beans/spring-beans.xsd=org/springframework/beans/factory/xml/spring-beans-3.0.xsd, http://www.springframework.org/schema/jee/spring-jee-2.5.xsd=org/springframework/ejb/config/spring-jee-2.5.xsd, http://www.springframework.org/schema/aop/spring-aop.xsd=org/springframework/aop/config/spring-aop-3.0.xsd, http://www.springframework.org/schema/beans/spring-beans-2.0.xsd=org/springframework/beans/factory/xml/spring-beans-2.0.xsd, http://www.springframework.org/schema/mvc/spring-mvc-3.0.xsd=org/springframework/web/servlet/config/spring-mvc-3.0.xsd, http://www.springframework.org/schema/beans/spring-beans-3.0.xsd=org/springframework/beans/factory/xml/spring-beans-3.0.xsd, http://www.springframework.org/schema/task/spring-task-3.0.xsd=org/springframework/scheduling/config/spring-task-3.0.xsd, http://www.springframework.org/schema/tx/spring-tx-2.5.xsd=org/springframework/transaction/config/spring-tx-2.5.xsd, http://www.springframework.org/schema/context/spring-context-2.5.xsd=org/springframework/context/config/spring-context-2.5.xsd, http://www.springframework.org/schema/jdbc/spring-jdbc-3.0.xsd=org/springframework/jdbc/config/spring-jdbc-3.0.xsd, http://www.springframework.org/schema/tool/spring-tool-3.0.xsd=org/springframework/beans/factory/xml/spring-tool-3.0.xsd, http://www.springframework.org/schema/tx/spring-tx.xsd=org/springframework/transaction/config/spring-tx-3.0.xsd, http://www.springframework.org/schema/tool/spring-tool-2.0.xsd=org/springframework/beans/factory/xml/spring-tool-2.0.xsd, http://www.springframework.org/schema/util/spring-util-2.5.xsd=org/springframework/beans/factory/xml/spring-util-2.5.xsd, http://www.springframework.org/schema/lang/spring-lang.xsd=org/springframework/scripting/config/spring-lang-3.0.xsd, http://www.springframework.org/schema/lang/spring-lang-2.5.xsd=org/springframework/scripting/config/spring-lang-2.5.xsd, http://www.springframework.org/schema/jee/spring-jee-3.0.xsd=org/springframework/ejb/config/spring-jee-3.0.xsd, http://www.springframework.org/schema/jee/spring-jee-2.0.xsd=org/springframework/ejb/config/spring-jee-2.0.xsd, http://www.springframework.org/schema/context/spring-context.xsd=org/springframework/context/config/spring-context-3.0.xsd, http://www.springframework.org/schema/jee/spring-jee.xsd=org/springframework/ejb/config/spring-jee-3.0.xsd, http://www.springframework.org/schema/jms/spring-jms-2.5.xsd=org/springframework/jms/config/spring-jms-2.5.xsd, http://www.springframework.org/schema/jms/spring-jms.xsd=org/springframework/jms/config/spring-jms-3.0.xsd, http://www.springframework.org/schema/aop/spring-aop-2.5.xsd=org/springframework/aop/config/spring-aop-2.5.xsd, http://www.springframework.org/schema/mvc/spring-mvc.xsd=org/springframework/web/servlet/config/spring-mvc-3.0.xsd, http://www.springframework.org/schema/jdbc/spring-jdbc.xsd=org/springframework/jdbc/config/spring-jdbc-3.0.xsd, http://www.springframework.org/schema/tx/spring-tx-2.0.xsd=org/springframework/transaction/config/spring-tx-2.0.xsd, http://www.springframework.org/schema/tx/spring-tx-3.0.xsd=org/springframework/transaction/config/spring-tx-3.0.xsd, http://www.springframework.org/schema/context/spring-context-3.0.xsd=org/springframework/context/config/spring-context-3.0.xsd, http://www.springframework.org/schema/tool/spring-tool.xsd=org/springframework/beans/factory/xml/spring-tool-3.0.xsd, http://www.springframework.org/schema/util/spring-util-3.0.xsd=org/springframework/beans/factory/xml/spring-util-3.0.xsd, http://www.springframework.org/schema/lang/spring-lang-3.0.xsd=org/springframework/scripting/config/spring-lang-3.0.xsd, http://www.springframework.org/schema/util/spring-util-2.0.xsd=org/springframework/beans/factory/xml/spring-util-2.0.xsd, http://www.springframework.org/schema/lang/spring-lang-2.0.xsd=org/springframework/scripting/config/spring-lang-2.0.xsd, http://www.springframework.org/schema/beans/spring-beans-2.5.xsd=org/springframework/beans/factory/xml/spring-beans-2.5.xsd} 
DEBUG - Found XML schema [http://www.springframework.org/schema/beans/spring-beans-3.0.xsd] in classpath: org/springframework/beans/factory/xml/spring-beans-3.0.xsd 
DEBUG - Trying to resolve XML entity with public id [null] and system id [http://www.springframework.org/schema/context/spring-context-3.0.xsd] 
DEBUG - Found XML schema [http://www.springframework.org/schema/context/spring-context-3.0.xsd] in classpath: org/springframework/context/config/spring-context-3.0.xsd 
DEBUG - Trying to resolve XML entity with public id [null] and system id [http://www.springframework.org/schema/tool/spring-tool-3.0.xsd] 
DEBUG - Found XML schema [http://www.springframework.org/schema/tool/spring-tool-3.0.xsd] in classpath: org/springframework/beans/factory/xml/spring-tool-3.0.xsd 
DEBUG - Loading bean definitions 
DEBUG - Loaded NamespaceHandler mappings: {http://www.springframework.org/schema/p=org.springframework.beans.factory.xml.SimplePropertyNamespaceHandler, http://www.springframework.org/schema/mvc=org.springframework.web.servlet.config.MvcNamespaceHandler, http://www.springframework.org/schema/util=org.springframework.beans.factory.xml.UtilNamespaceHandler, http://www.springframework.org/schema/jee=org.springframework.ejb.config.JeeNamespaceHandler, http://www.springframework.org/schema/aop=org.springframework.aop.config.AopNamespaceHandler, http://www.springframework.org/schema/oxm=org.springframework.oxm.config.OxmNamespaceHandler, http://www.springframework.org/schema/jdbc=org.springframework.jdbc.config.JdbcNamespaceHandler, http://www.springframework.org/schema/tx=org.springframework.transaction.config.TxNamespaceHandler, http://www.springframework.org/schema/jms=org.springframework.jms.config.JmsNamespaceHandler, http://www.springframework.org/schema/task=org.springframework.scheduling.config.TaskNamespaceHandler, http://www.springframework.org/schema/lang=org.springframework.scripting.config.LangNamespaceHandler, http://www.springframework.org/schema/context=org.springframework.context.config.ContextNamespaceHandler} 
DEBUG - Loaded 7 bean definitions from location pattern [jlcindia.xml] 
DEBUG - Bean factory for org.springframework.context.support.ClassPathXmlApplicationContext@6aa6aeed: org.springframework.beans.factory.support.DefaultListableBeanFactory@811978b: defining beans [org.springframework.context.annotation.internalConfigurationAnnotationProcessor,org.springframework.context.annotation.internalAutowiredAnnotationProcessor,org.springframework.context.annotation.internalRequiredAnnotationProcessor,org.springframework.context.annotation.internalCommonAnnotationProcessor,aobj,bobj,hello]; root of factory hierarchy 
DEBUG - Creating shared instance of singleton bean 'org.springframework.context.annotation.internalConfigurationAnnotationProcessor' 
DEBUG - Creating instance of bean 'org.springframework.context.annotation.internalConfigurationAnnotationProcessor' 
DEBUG - Eagerly caching bean 'org.springframework.context.annotation.internalConfigurationAnnotationProcessor' to allow for resolving potential circular references 
DEBUG - Finished creating instance of bean 'org.springframework.context.annotation.internalConfigurationAnnotationProcessor' 
DEBUG - Creating shared instance of singleton bean 'org.springframework.context.annotation.internalAutowiredAnnotationProcessor' 
DEBUG - Creating instance of bean 'org.springframework.context.annotation.internalAutowiredAnnotationProcessor' 
DEBUG - Eagerly caching bean 'org.springframework.context.annotation.internalAutowiredAnnotationProcessor' to allow for resolving potential circular references 
DEBUG - Finished creating instance of bean 'org.springframework.context.annotation.internalAutowiredAnnotationProcessor' 
DEBUG - Creating shared instance of singleton bean 'org.springframework.context.annotation.internalRequiredAnnotationProcessor' 
DEBUG - Creating instance of bean 'org.springframework.context.annotation.internalRequiredAnnotationProcessor' 
DEBUG - Eagerly caching bean 'org.springframework.context.annotation.internalRequiredAnnotationProcessor' to allow for resolving potential circular references 
DEBUG - Finished creating instance of bean 'org.springframework.context.annotation.internalRequiredAnnotationProcessor' 
DEBUG - Creating shared instance of singleton bean 'org.springframework.context.annotation.internalCommonAnnotationProcessor' 
DEBUG - Creating instance of bean 'org.springframework.context.annotation.internalCommonAnnotationProcessor' 
DEBUG - Eagerly caching bean 'org.springframework.context.annotation.internalCommonAnnotationProcessor' to allow for resolving potential circular references 
DEBUG - Finished creating instance of bean 'org.springframework.context.annotation.internalCommonAnnotationProcessor' 
DEBUG - Unable to locate MessageSource with name 'messageSource': using default [org.springframework.context.support.DelegatingMessageSource@7f92c8d9] 
DEBUG - Unable to locate ApplicationEventMulticaster with name 'applicationEventMulticaster': using default [org.springframework.context.event.SimpleApplicationEventMulticaster@36baa466] 
INFO - Pre-instantiating singletons in org.springframework.beans.factory.support.DefaultListableBeanFactory@811978b: defining beans [org.springframework.context.annotation.internalConfigurationAnnotationProcessor,org.springframework.context.annotation.internalAutowiredAnnotationProcessor,org.springframework.context.annotation.internalRequiredAnnotationProcessor,org.springframework.context.annotation.internalCommonAnnotationProcessor,aobj,bobj,hello]; root of factory hierarchy 
DEBUG - Returning cached instance of singleton bean 'org.springframework.context.annotation.internalConfigurationAnnotationProcessor' 
DEBUG - Returning cached instance of singleton bean 'org.springframework.context.annotation.internalAutowiredAnnotationProcessor' 
DEBUG - Returning cached instance of singleton bean 'org.springframework.context.annotation.internalRequiredAnnotationProcessor' 
DEBUG - Returning cached instance of singleton bean 'org.springframework.context.annotation.internalCommonAnnotationProcessor' 
DEBUG - Creating shared instance of singleton bean 'aobj' 
DEBUG - Creating instance of bean 'aobj' 
DEBUG - Eagerly caching bean 'aobj' to allow for resolving potential circular references 
DEBUG - Getting BeanInfo for class [com.jlcindia.spring.A] 
DEBUG - Caching PropertyDescriptors for class [com.jlcindia.spring.A] 
DEBUG - Found bean property 'a' of type [int] 
DEBUG - Found bean property 'class' of type [java.lang.Class] 
DEBUG - Found bean property 'msg' of type [java.lang.String] 
DEBUG - Converting String to [int] using property editor [org.springframework.beans.propertyeditors.CustomNumberEditor@68ed662d] 
DEBUG - Finished creating instance of bean 'aobj' 
DEBUG - Creating shared instance of singleton bean 'bobj' 
DEBUG - Creating instance of bean 'bobj' 
DEBUG - Converting String to [int] using property editor [org.springframework.beans.propertyeditors.CustomNumberEditor@3c01d5a0] 
DEBUG - Eagerly caching bean 'bobj' to allow for resolving potential circular references 
DEBUG - Getting BeanInfo for class [com.jlcindia.spring.B] 
DEBUG - Caching PropertyDescriptors for class [com.jlcindia.spring.B] 
DEBUG - Found bean property 'class' of type [java.lang.Class] 
DEBUG - Finished creating instance of bean 'bobj' 
DEBUG - Creating shared instance of singleton bean 'hello' 
DEBUG - Creating instance of bean 'hello' 
DEBUG - Found injected element on class [com.jlcindia.spring.Hello]: ResourceElement for private com.jlcindia.spring.A com.jlcindia.spring.Hello.aobj 
DEBUG - Found injected element on class [com.jlcindia.spring.Hello]: ResourceElement for private com.jlcindia.spring.B com.jlcindia.spring.Hello.bobj 
DEBUG - Eagerly caching bean 'hello' to allow for resolving potential circular references 
DEBUG - Getting BeanInfo for class [com.jlcindia.spring.Hello] 
DEBUG - Caching PropertyDescriptors for class [com.jlcindia.spring.Hello] 
DEBUG - Found bean property 'class' of type [java.lang.Class] 
DEBUG - Processing injected method of bean 'hello': ResourceElement for private com.jlcindia.spring.A com.jlcindia.spring.Hello.aobj 
DEBUG - Returning cached instance of singleton bean 'aobj' 
DEBUG - Processing injected method of bean 'hello': ResourceElement for private com.jlcindia.spring.B com.jlcindia.spring.Hello.bobj 
DEBUG - No bean named 'bo' found in org.springframework.beans.factory.support.DefaultListableBeanFactory@811978b: defining beans [org.springframework.context.annotation.internalConfigurationAnnotationProcessor,org.springframework.context.annotation.internalAutowiredAnnotationProcessor,org.springframework.context.annotation.internalRequiredAnnotationProcessor,org.springframework.context.annotation.internalCommonAnnotationProcessor,aobj,bobj,hello]; root of factory hierarchy 
INFO - Destroying singletons in org.springframework.beans.factory.support.DefaultListableBeanFactory@811978b: defining beans [org.springframework.context.annotation.internalConfigurationAnnotationProcessor,org.springframework.context.annotation.internalAutowiredAnnotationProcessor,org.springframework.context.annotation.internalRequiredAnnotationProcessor,org.springframework.context.annotation.internalCommonAnnotationProcessor,aobj,bobj,hello]; root of factory hierarchy 
INFO - Refreshing org.springframework.context.support.ClassPathXmlApplicationContext@6aa6aeed: startup date [Sat Feb 13 20:10:22 IST 2016]; root of context hierarchy 
INFO - Loading XML bean definitions from class path resource [jlcindia.xml] 
DEBUG - Using JAXP provider [com.sun.org.apache.xerces.internal.jaxp.DocumentBuilderFactoryImpl] 
DEBUG - Trying to resolve XML entity with public id [null] and system id [http://www.springframework.org/schema/beans/spring-beans-3.0.xsd] 
DEBUG - Loading schema mappings from [META-INF/spring.schemas] 
DEBUG - Loaded schema mappings: {http://www.springframework.org/schema/oxm/spring-oxm-3.0.xsd=org/springframework/oxm/config/spring-oxm-3.0.xsd, http://www.springframework.org/schema/util/spring-util.xsd=org/springframework/beans/factory/xml/spring-util-3.0.xsd, http://www.springframework.org/schema/jms/spring-jms-3.0.xsd=org/springframework/jms/config/spring-jms-3.0.xsd, http://www.springframework.org/schema/task/spring-task.xsd=org/springframework/scheduling/config/spring-task-3.0.xsd, http://www.springframework.org/schema/aop/spring-aop-3.0.xsd=org/springframework/aop/config/spring-aop-3.0.xsd, http://www.springframework.org/schema/aop/spring-aop-2.0.xsd=org/springframework/aop/config/spring-aop-2.0.xsd, http://www.springframework.org/schema/oxm/spring-oxm.xsd=org/springframework/oxm/config/spring-oxm-3.0.xsd, http://www.springframework.org/schema/tool/spring-tool-2.5.xsd=org/springframework/beans/factory/xml/spring-tool-2.5.xsd, http://www.springframework.org/schema/beans/spring-beans.xsd=org/springframework/beans/factory/xml/spring-beans-3.0.xsd, http://www.springframework.org/schema/jee/spring-jee-2.5.xsd=org/springframework/ejb/config/spring-jee-2.5.xsd, http://www.springframework.org/schema/aop/spring-aop.xsd=org/springframework/aop/config/spring-aop-3.0.xsd, http://www.springframework.org/schema/beans/spring-beans-2.0.xsd=org/springframework/beans/factory/xml/spring-beans-2.0.xsd, http://www.springframework.org/schema/mvc/spring-mvc-3.0.xsd=org/springframework/web/servlet/config/spring-mvc-3.0.xsd, http://www.springframework.org/schema/beans/spring-beans-3.0.xsd=org/springframework/beans/factory/xml/spring-beans-3.0.xsd, http://www.springframework.org/schema/task/spring-task-3.0.xsd=org/springframework/scheduling/config/spring-task-3.0.xsd, http://www.springframework.org/schema/tx/spring-tx-2.5.xsd=org/springframework/transaction/config/spring-tx-2.5.xsd, http://www.springframework.org/schema/context/spring-context-2.5.xsd=org/springframework/context/config/spring-context-2.5.xsd, http://www.springframework.org/schema/jdbc/spring-jdbc-3.0.xsd=org/springframework/jdbc/config/spring-jdbc-3.0.xsd, http://www.springframework.org/schema/tool/spring-tool-3.0.xsd=org/springframework/beans/factory/xml/spring-tool-3.0.xsd, http://www.springframework.org/schema/tx/spring-tx.xsd=org/springframework/transaction/config/spring-tx-3.0.xsd, http://www.springframework.org/schema/tool/spring-tool-2.0.xsd=org/springframework/beans/factory/xml/spring-tool-2.0.xsd, http://www.springframework.org/schema/util/spring-util-2.5.xsd=org/springframework/beans/factory/xml/spring-util-2.5.xsd, http://www.springframework.org/schema/lang/spring-lang.xsd=org/springframework/scripting/config/spring-lang-3.0.xsd, http://www.springframework.org/schema/lang/spring-lang-2.5.xsd=org/springframework/scripting/config/spring-lang-2.5.xsd, http://www.springframework.org/schema/jee/spring-jee-3.0.xsd=org/springframework/ejb/config/spring-jee-3.0.xsd, http://www.springframework.org/schema/jee/spring-jee-2.0.xsd=org/springframework/ejb/config/spring-jee-2.0.xsd, http://www.springframework.org/schema/context/spring-context.xsd=org/springframework/context/config/spring-context-3.0.xsd, http://www.springframework.org/schema/jee/spring-jee.xsd=org/springframework/ejb/config/spring-jee-3.0.xsd, http://www.springframework.org/schema/jms/spring-jms-2.5.xsd=org/springframework/jms/config/spring-jms-2.5.xsd, http://www.springframework.org/schema/jms/spring-jms.xsd=org/springframework/jms/config/spring-jms-3.0.xsd, http://www.springframework.org/schema/aop/spring-aop-2.5.xsd=org/springframework/aop/config/spring-aop-2.5.xsd, http://www.springframework.org/schema/mvc/spring-mvc.xsd=org/springframework/web/servlet/config/spring-mvc-3.0.xsd, http://www.springframework.org/schema/jdbc/spring-jdbc.xsd=org/springframework/jdbc/config/spring-jdbc-3.0.xsd, http://www.springframework.org/schema/tx/spring-tx-2.0.xsd=org/springframework/transaction/config/spring-tx-2.0.xsd, http://www.springframework.org/schema/tx/spring-tx-3.0.xsd=org/springframework/transaction/config/spring-tx-3.0.xsd, http://www.springframework.org/schema/context/spring-context-3.0.xsd=org/springframework/context/config/spring-context-3.0.xsd, http://www.springframework.org/schema/tool/spring-tool.xsd=org/springframework/beans/factory/xml/spring-tool-3.0.xsd, http://www.springframework.org/schema/util/spring-util-3.0.xsd=org/springframework/beans/factory/xml/spring-util-3.0.xsd, http://www.springframework.org/schema/lang/spring-lang-3.0.xsd=org/springframework/scripting/config/spring-lang-3.0.xsd, http://www.springframework.org/schema/util/spring-util-2.0.xsd=org/springframework/beans/factory/xml/spring-util-2.0.xsd, http://www.springframework.org/schema/lang/spring-lang-2.0.xsd=org/springframework/scripting/config/spring-lang-2.0.xsd, http://www.springframework.org/schema/beans/spring-beans-2.5.xsd=org/springframework/beans/factory/xml/spring-beans-2.5.xsd} 
DEBUG - Found XML schema [http://www.springframework.org/schema/beans/spring-beans-3.0.xsd] in classpath: org/springframework/beans/factory/xml/spring-beans-3.0.xsd 
DEBUG - Trying to resolve XML entity with public id [null] and system id [http://www.springframework.org/schema/context/spring-context-3.0.xsd] 
DEBUG - Found XML schema [http://www.springframework.org/schema/context/spring-context-3.0.xsd] in classpath: org/springframework/context/config/spring-context-3.0.xsd 
DEBUG - Trying to resolve XML entity with public id [null] and system id [http://www.springframework.org/schema/tool/spring-tool-3.0.xsd] 
DEBUG - Found XML schema [http://www.springframework.org/schema/tool/spring-tool-3.0.xsd] in classpath: org/springframework/beans/factory/xml/spring-tool-3.0.xsd 
DEBUG - Loading bean definitions 
DEBUG - Loaded NamespaceHandler mappings: {http://www.springframework.org/schema/p=org.springframework.beans.factory.xml.SimplePropertyNamespaceHandler, http://www.springframework.org/schema/mvc=org.springframework.web.servlet.config.MvcNamespaceHandler, http://www.springframework.org/schema/util=org.springframework.beans.factory.xml.UtilNamespaceHandler, http://www.springframework.org/schema/jee=org.springframework.ejb.config.JeeNamespaceHandler, http://www.springframework.org/schema/aop=org.springframework.aop.config.AopNamespaceHandler, http://www.springframework.org/schema/oxm=org.springframework.oxm.config.OxmNamespaceHandler, http://www.springframework.org/schema/jdbc=org.springframework.jdbc.config.JdbcNamespaceHandler, http://www.springframework.org/schema/tx=org.springframework.transaction.config.TxNamespaceHandler, http://www.springframework.org/schema/jms=org.springframework.jms.config.JmsNamespaceHandler, http://www.springframework.org/schema/task=org.springframework.scheduling.config.TaskNamespaceHandler, http://www.springframework.org/schema/lang=org.springframework.scripting.config.LangNamespaceHandler, http://www.springframework.org/schema/context=org.springframework.context.config.ContextNamespaceHandler} 
DEBUG - Loaded 7 bean definitions from location pattern [jlcindia.xml] 
DEBUG - Bean factory for org.springframework.context.support.ClassPathXmlApplicationContext@6aa6aeed: org.springframework.beans.factory.support.DefaultListableBeanFactory@811978b: defining beans [org.springframework.context.annotation.internalConfigurationAnnotationProcessor,org.springframework.context.annotation.internalAutowiredAnnotationProcessor,org.springframework.context.annotation.internalRequiredAnnotationProcessor,org.springframework.context.annotation.internalCommonAnnotationProcessor,aobj,bo,hello]; root of factory hierarchy 
DEBUG - Creating shared instance of singleton bean 'org.springframework.context.annotation.internalConfigurationAnnotationProcessor' 
DEBUG - Creating instance of bean 'org.springframework.context.annotation.internalConfigurationAnnotationProcessor' 
DEBUG - Eagerly caching bean 'org.springframework.context.annotation.internalConfigurationAnnotationProcessor' to allow for resolving potential circular references 
DEBUG - Finished creating instance of bean 'org.springframework.context.annotation.internalConfigurationAnnotationProcessor' 
DEBUG - Creating shared instance of singleton bean 'org.springframework.context.annotation.internalAutowiredAnnotationProcessor' 
DEBUG - Creating instance of bean 'org.springframework.context.annotation.internalAutowiredAnnotationProcessor' 
DEBUG - Eagerly caching bean 'org.springframework.context.annotation.internalAutowiredAnnotationProcessor' to allow for resolving potential circular references 
DEBUG - Finished creating instance of bean 'org.springframework.context.annotation.internalAutowiredAnnotationProcessor' 
DEBUG - Creating shared instance of singleton bean 'org.springframework.context.annotation.internalRequiredAnnotationProcessor' 
DEBUG - Creating instance of bean 'org.springframework.context.annotation.internalRequiredAnnotationProcessor' 
DEBUG - Eagerly caching bean 'org.springframework.context.annotation.internalRequiredAnnotationProcessor' to allow for resolving potential circular references 
DEBUG - Finished creating instance of bean 'org.springframework.context.annotation.internalRequiredAnnotationProcessor' 
DEBUG - Creating shared instance of singleton bean 'org.springframework.context.annotation.internalCommonAnnotationProcessor' 
DEBUG - Creating instance of bean 'org.springframework.context.annotation.internalCommonAnnotationProcessor' 
DEBUG - Eagerly caching bean 'org.springframework.context.annotation.internalCommonAnnotationProcessor' to allow for resolving potential circular references 
DEBUG - Finished creating instance of bean 'org.springframework.context.annotation.internalCommonAnnotationProcessor' 
DEBUG - Unable to locate MessageSource with name 'messageSource': using default [org.springframework.context.support.DelegatingMessageSource@7f92c8d9] 
DEBUG - Unable to locate ApplicationEventMulticaster with name 'applicationEventMulticaster': using default [org.springframework.context.event.SimpleApplicationEventMulticaster@36baa466] 
INFO - Pre-instantiating singletons in org.springframework.beans.factory.support.DefaultListableBeanFactory@811978b: defining beans [org.springframework.context.annotation.internalConfigurationAnnotationProcessor,org.springframework.context.annotation.internalAutowiredAnnotationProcessor,org.springframework.context.annotation.internalRequiredAnnotationProcessor,org.springframework.context.annotation.internalCommonAnnotationProcessor,aobj,bo,hello]; root of factory hierarchy 
DEBUG - Returning cached instance of singleton bean 'org.springframework.context.annotation.internalConfigurationAnnotationProcessor' 
DEBUG - Returning cached instance of singleton bean 'org.springframework.context.annotation.internalAutowiredAnnotationProcessor' 
DEBUG - Returning cached instance of singleton bean 'org.springframework.context.annotation.internalRequiredAnnotationProcessor' 
DEBUG - Returning cached instance of singleton bean 'org.springframework.context.annotation.internalCommonAnnotationProcessor' 
DEBUG - Creating shared instance of singleton bean 'aobj' 
DEBUG - Creating instance of bean 'aobj' 
DEBUG - Eagerly caching bean 'aobj' to allow for resolving potential circular references 
DEBUG - Getting BeanInfo for class [com.jlcindia.spring.A] 
DEBUG - Caching PropertyDescriptors for class [com.jlcindia.spring.A] 
DEBUG - Found bean property 'a' of type [int] 
DEBUG - Found bean property 'class' of type [java.lang.Class] 
DEBUG - Found bean property 'msg' of type [java.lang.String] 
DEBUG - Converting String to [int] using property editor [org.springframework.beans.propertyeditors.CustomNumberEditor@580eac5a] 
DEBUG - Finished creating instance of bean 'aobj' 
DEBUG - Creating shared instance of singleton bean 'bo' 
DEBUG - Creating instance of bean 'bo' 
DEBUG - Converting String to [int] using property editor [org.springframework.beans.propertyeditors.CustomNumberEditor@3c50507] 
DEBUG - Eagerly caching bean 'bo' to allow for resolving potential circular references 
DEBUG - Getting BeanInfo for class [com.jlcindia.spring.B] 
DEBUG - Caching PropertyDescriptors for class [com.jlcindia.spring.B] 
DEBUG - Found bean property 'class' of type [java.lang.Class] 
DEBUG - Finished creating instance of bean 'bo' 
DEBUG - Creating shared instance of singleton bean 'hello' 
DEBUG - Creating instance of bean 'hello' 
DEBUG - Found injected element on class [com.jlcindia.spring.Hello]: ResourceElement for private com.jlcindia.spring.A com.jlcindia.spring.Hello.aobj 
DEBUG - Found injected element on class [com.jlcindia.spring.Hello]: ResourceElement for private com.jlcindia.spring.B com.jlcindia.spring.Hello.bobj 
DEBUG - Eagerly caching bean 'hello' to allow for resolving potential circular references 
DEBUG - Getting BeanInfo for class [com.jlcindia.spring.Hello] 
DEBUG - Caching PropertyDescriptors for class [com.jlcindia.spring.Hello] 
DEBUG - Found bean property 'class' of type [java.lang.Class] 
DEBUG - Processing injected method of bean 'hello': ResourceElement for private com.jlcindia.spring.A com.jlcindia.spring.Hello.aobj 
DEBUG - Returning cached instance of singleton bean 'aobj' 
DEBUG - Processing injected method of bean 'hello': ResourceElement for private com.jlcindia.spring.B com.jlcindia.spring.Hello.bobj 
DEBUG - Returning cached instance of singleton bean 'bo' 
DEBUG - Finished creating instance of bean 'hello' 
DEBUG - Unable to locate LifecycleProcessor with name 'lifecycleProcessor': using default [org.springframework.context.support.DefaultLifecycleProcessor@1fcef4f7] 
DEBUG - Returning cached instance of singleton bean 'lifecycleProcessor' 
DEBUG - Publishing event in org.springframework.context.support.ClassPathXmlApplicationContext@6aa6aeed: org.springframework.context.event.ContextRefreshedEvent[source=org.springframework.context.support.ClassPathXmlApplicationContext@6aa6aeed: startup date [Sat Feb 13 20:10:22 IST 2016]; root of context hierarchy] 
DEBUG - Returning cached instance of singleton bean 'hello' 
INFO - Refreshing org.springframework.context.support.ClassPathXmlApplicationContext@6aa6aeed: startup date [Wed Feb 24 00:32:10 IST 2016]; root of context hierarchy 
INFO - Loading XML bean definitions from class path resource [jlcindia.xml] 
DEBUG - Using JAXP provider [com.sun.org.apache.xerces.internal.jaxp.DocumentBuilderFactoryImpl] 
DEBUG - Trying to resolve XML entity with public id [null] and system id [http://www.springframework.org/schema/beans/spring-beans-3.0.xsd] 
DEBUG - Loading schema mappings from [META-INF/spring.schemas] 
DEBUG - Loaded schema mappings: {http://www.springframework.org/schema/oxm/spring-oxm-3.0.xsd=org/springframework/oxm/config/spring-oxm-3.0.xsd, http://www.springframework.org/schema/util/spring-util.xsd=org/springframework/beans/factory/xml/spring-util-3.0.xsd, http://www.springframework.org/schema/jms/spring-jms-3.0.xsd=org/springframework/jms/config/spring-jms-3.0.xsd, http://www.springframework.org/schema/task/spring-task.xsd=org/springframework/scheduling/config/spring-task-3.0.xsd, http://www.springframework.org/schema/aop/spring-aop-3.0.xsd=org/springframework/aop/config/spring-aop-3.0.xsd, http://www.springframework.org/schema/aop/spring-aop-2.0.xsd=org/springframework/aop/config/spring-aop-2.0.xsd, http://www.springframework.org/schema/oxm/spring-oxm.xsd=org/springframework/oxm/config/spring-oxm-3.0.xsd, http://www.springframework.org/schema/tool/spring-tool-2.5.xsd=org/springframework/beans/factory/xml/spring-tool-2.5.xsd, http://www.springframework.org/schema/beans/spring-beans.xsd=org/springframework/beans/factory/xml/spring-beans-3.0.xsd, http://www.springframework.org/schema/jee/spring-jee-2.5.xsd=org/springframework/ejb/config/spring-jee-2.5.xsd, http://www.springframework.org/schema/aop/spring-aop.xsd=org/springframework/aop/config/spring-aop-3.0.xsd, http://www.springframework.org/schema/beans/spring-beans-2.0.xsd=org/springframework/beans/factory/xml/spring-beans-2.0.xsd, http://www.springframework.org/schema/mvc/spring-mvc-3.0.xsd=org/springframework/web/servlet/config/spring-mvc-3.0.xsd, http://www.springframework.org/schema/beans/spring-beans-3.0.xsd=org/springframework/beans/factory/xml/spring-beans-3.0.xsd, http://www.springframework.org/schema/task/spring-task-3.0.xsd=org/springframework/scheduling/config/spring-task-3.0.xsd, http://www.springframework.org/schema/tx/spring-tx-2.5.xsd=org/springframework/transaction/config/spring-tx-2.5.xsd, http://www.springframework.org/schema/context/spring-context-2.5.xsd=org/springframework/context/config/spring-context-2.5.xsd, http://www.springframework.org/schema/jdbc/spring-jdbc-3.0.xsd=org/springframework/jdbc/config/spring-jdbc-3.0.xsd, http://www.springframework.org/schema/tool/spring-tool-3.0.xsd=org/springframework/beans/factory/xml/spring-tool-3.0.xsd, http://www.springframework.org/schema/tx/spring-tx.xsd=org/springframework/transaction/config/spring-tx-3.0.xsd, http://www.springframework.org/schema/tool/spring-tool-2.0.xsd=org/springframework/beans/factory/xml/spring-tool-2.0.xsd, http://www.springframework.org/schema/util/spring-util-2.5.xsd=org/springframework/beans/factory/xml/spring-util-2.5.xsd, http://www.springframework.org/schema/lang/spring-lang.xsd=org/springframework/scripting/config/spring-lang-3.0.xsd, http://www.springframework.org/schema/lang/spring-lang-2.5.xsd=org/springframework/scripting/config/spring-lang-2.5.xsd, http://www.springframework.org/schema/jee/spring-jee-3.0.xsd=org/springframework/ejb/config/spring-jee-3.0.xsd, http://www.springframework.org/schema/jee/spring-jee-2.0.xsd=org/springframework/ejb/config/spring-jee-2.0.xsd, http://www.springframework.org/schema/context/spring-context.xsd=org/springframework/context/config/spring-context-3.0.xsd, http://www.springframework.org/schema/jee/spring-jee.xsd=org/springframework/ejb/config/spring-jee-3.0.xsd, http://www.springframework.org/schema/jms/spring-jms-2.5.xsd=org/springframework/jms/config/spring-jms-2.5.xsd, http://www.springframework.org/schema/jms/spring-jms.xsd=org/springframework/jms/config/spring-jms-3.0.xsd, http://www.springframework.org/schema/aop/spring-aop-2.5.xsd=org/springframework/aop/config/spring-aop-2.5.xsd, http://www.springframework.org/schema/mvc/spring-mvc.xsd=org/springframework/web/servlet/config/spring-mvc-3.0.xsd, http://www.springframework.org/schema/jdbc/spring-jdbc.xsd=org/springframework/jdbc/config/spring-jdbc-3.0.xsd, http://www.springframework.org/schema/tx/spring-tx-2.0.xsd=org/springframework/transaction/config/spring-tx-2.0.xsd, http://www.springframework.org/schema/tx/spring-tx-3.0.xsd=org/springframework/transaction/config/spring-tx-3.0.xsd, http://www.springframework.org/schema/context/spring-context-3.0.xsd=org/springframework/context/config/spring-context-3.0.xsd, http://www.springframework.org/schema/tool/spring-tool.xsd=org/springframework/beans/factory/xml/spring-tool-3.0.xsd, http://www.springframework.org/schema/util/spring-util-3.0.xsd=org/springframework/beans/factory/xml/spring-util-3.0.xsd, http://www.springframework.org/schema/lang/spring-lang-3.0.xsd=org/springframework/scripting/config/spring-lang-3.0.xsd, http://www.springframework.org/schema/util/spring-util-2.0.xsd=org/springframework/beans/factory/xml/spring-util-2.0.xsd, http://www.springframework.org/schema/lang/spring-lang-2.0.xsd=org/springframework/scripting/config/spring-lang-2.0.xsd, http://www.springframework.org/schema/beans/spring-beans-2.5.xsd=org/springframework/beans/factory/xml/spring-beans-2.5.xsd} 
DEBUG - Found XML schema [http://www.springframework.org/schema/beans/spring-beans-3.0.xsd] in classpath: org/springframework/beans/factory/xml/spring-beans-3.0.xsd 
DEBUG - Trying to resolve XML entity with public id [null] and system id [http://www.springframework.org/schema/context/spring-context-3.0.xsd] 
DEBUG - Found XML schema [http://www.springframework.org/schema/context/spring-context-3.0.xsd] in classpath: org/springframework/context/config/spring-context-3.0.xsd 
DEBUG - Trying to resolve XML entity with public id [null] and system id [http://www.springframework.org/schema/tool/spring-tool-3.0.xsd] 
DEBUG - Found XML schema [http://www.springframework.org/schema/tool/spring-tool-3.0.xsd] in classpath: org/springframework/beans/factory/xml/spring-tool-3.0.xsd 
DEBUG - Loading bean definitions 
DEBUG - Loaded NamespaceHandler mappings: {http://www.springframework.org/schema/p=org.springframework.beans.factory.xml.SimplePropertyNamespaceHandler, http://www.springframework.org/schema/mvc=org.springframework.web.servlet.config.MvcNamespaceHandler, http://www.springframework.org/schema/util=org.springframework.beans.factory.xml.UtilNamespaceHandler, http://www.springframework.org/schema/jee=org.springframework.ejb.config.JeeNamespaceHandler, http://www.springframework.org/schema/aop=org.springframework.aop.config.AopNamespaceHandler, http://www.springframework.org/schema/oxm=org.springframework.oxm.config.OxmNamespaceHandler, http://www.springframework.org/schema/jdbc=org.springframework.jdbc.config.JdbcNamespaceHandler, http://www.springframework.org/schema/tx=org.springframework.transaction.config.TxNamespaceHandler, http://www.springframework.org/schema/jms=org.springframework.jms.config.JmsNamespaceHandler, http://www.springframework.org/schema/task=org.springframework.scheduling.config.TaskNamespaceHandler, http://www.springframework.org/schema/lang=org.springframework.scripting.config.LangNamespaceHandler, http://www.springframework.org/schema/context=org.springframework.context.config.ContextNamespaceHandler} 
DEBUG - Loaded 7 bean definitions from location pattern [jlcindia.xml] 
DEBUG - Bean factory for org.springframework.context.support.ClassPathXmlApplicationContext@6aa6aeed: org.springframework.beans.factory.support.DefaultListableBeanFactory@3af42ad0: defining beans [org.springframework.context.annotation.internalConfigurationAnnotationProcessor,org.springframework.context.annotation.internalAutowiredAnnotationProcessor,org.springframework.context.annotation.internalRequiredAnnotationProcessor,org.springframework.context.annotation.internalCommonAnnotationProcessor,AO,bobj,hello]; root of factory hierarchy 
DEBUG - Creating shared instance of singleton bean 'org.springframework.context.annotation.internalConfigurationAnnotationProcessor' 
DEBUG - Creating instance of bean 'org.springframework.context.annotation.internalConfigurationAnnotationProcessor' 
DEBUG - Eagerly caching bean 'org.springframework.context.annotation.internalConfigurationAnnotationProcessor' to allow for resolving potential circular references 
DEBUG - Finished creating instance of bean 'org.springframework.context.annotation.internalConfigurationAnnotationProcessor' 
DEBUG - Creating shared instance of singleton bean 'org.springframework.context.annotation.internalAutowiredAnnotationProcessor' 
DEBUG - Creating instance of bean 'org.springframework.context.annotation.internalAutowiredAnnotationProcessor' 
DEBUG - Eagerly caching bean 'org.springframework.context.annotation.internalAutowiredAnnotationProcessor' to allow for resolving potential circular references 
DEBUG - Finished creating instance of bean 'org.springframework.context.annotation.internalAutowiredAnnotationProcessor' 
DEBUG - Creating shared instance of singleton bean 'org.springframework.context.annotation.internalRequiredAnnotationProcessor' 
DEBUG - Creating instance of bean 'org.springframework.context.annotation.internalRequiredAnnotationProcessor' 
DEBUG - Eagerly caching bean 'org.springframework.context.annotation.internalRequiredAnnotationProcessor' to allow for resolving potential circular references 
DEBUG - Finished creating instance of bean 'org.springframework.context.annotation.internalRequiredAnnotationProcessor' 
DEBUG - Creating shared instance of singleton bean 'org.springframework.context.annotation.internalCommonAnnotationProcessor' 
DEBUG - Creating instance of bean 'org.springframework.context.annotation.internalCommonAnnotationProcessor' 
DEBUG - Eagerly caching bean 'org.springframework.context.annotation.internalCommonAnnotationProcessor' to allow for resolving potential circular references 
DEBUG - Finished creating instance of bean 'org.springframework.context.annotation.internalCommonAnnotationProcessor' 
DEBUG - Unable to locate MessageSource with name 'messageSource': using default [org.springframework.context.support.DelegatingMessageSource@3f829e6f] 
DEBUG - Unable to locate ApplicationEventMulticaster with name 'applicationEventMulticaster': using default [org.springframework.context.event.SimpleApplicationEventMulticaster@4178460d] 
INFO - Pre-instantiating singletons in org.springframework.beans.factory.support.DefaultListableBeanFactory@3af42ad0: defining beans [org.springframework.context.annotation.internalConfigurationAnnotationProcessor,org.springframework.context.annotation.internalAutowiredAnnotationProcessor,org.springframework.context.annotation.internalRequiredAnnotationProcessor,org.springframework.context.annotation.internalCommonAnnotationProcessor,AO,bobj,hello]; root of factory hierarchy 
DEBUG - Returning cached instance of singleton bean 'org.springframework.context.annotation.internalConfigurationAnnotationProcessor' 
DEBUG - Returning cached instance of singleton bean 'org.springframework.context.annotation.internalAutowiredAnnotationProcessor' 
DEBUG - Returning cached instance of singleton bean 'org.springframework.context.annotation.internalRequiredAnnotationProcessor' 
DEBUG - Returning cached instance of singleton bean 'org.springframework.context.annotation.internalCommonAnnotationProcessor' 
DEBUG - Creating shared instance of singleton bean 'AO' 
DEBUG - Creating instance of bean 'AO' 
DEBUG - Found init method on class [com.jlcindia.spring.A]: public void com.jlcindia.spring.A.init() 
DEBUG - Found init method on class [com.jlcindia.spring.A]: org.springframework.beans.factory.annotation.InitDestroyAnnotationBeanPostProcessor$LifecycleElement@316510 
DEBUG - Eagerly caching bean 'AO' to allow for resolving potential circular references 
DEBUG - Getting BeanInfo for class [com.jlcindia.spring.A] 
DEBUG - Caching PropertyDescriptors for class [com.jlcindia.spring.A] 
DEBUG - Found bean property 'a' of type [int] 
DEBUG - Found bean property 'class' of type [java.lang.Class] 
DEBUG - Found bean property 'msg' of type [java.lang.String] 
DEBUG - Converting String to [int] using property editor [org.springframework.beans.propertyeditors.CustomNumberEditor@1b815bfb] 
DEBUG - Invoking init method on bean 'AO': public void com.jlcindia.spring.A.init() 
DEBUG - Finished creating instance of bean 'AO' 
DEBUG - Creating shared instance of singleton bean 'bobj' 
DEBUG - Creating instance of bean 'bobj' 
DEBUG - Converting String to [int] using property editor [org.springframework.beans.propertyeditors.CustomNumberEditor@470b9279] 
DEBUG - Found init method on class [com.jlcindia.spring.B]: public void com.jlcindia.spring.B.init() 
DEBUG - Found init method on class [com.jlcindia.spring.B]: org.springframework.beans.factory.annotation.InitDestroyAnnotationBeanPostProcessor$LifecycleElement@316510 
DEBUG - Eagerly caching bean 'bobj' to allow for resolving potential circular references 
DEBUG - Getting BeanInfo for class [com.jlcindia.spring.B] 
DEBUG - Caching PropertyDescriptors for class [com.jlcindia.spring.B] 
DEBUG - Found bean property 'class' of type [java.lang.Class] 
DEBUG - Invoking init method on bean 'bobj': public void com.jlcindia.spring.B.init() 
DEBUG - Finished creating instance of bean 'bobj' 
DEBUG - Creating shared instance of singleton bean 'hello' 
DEBUG - Creating instance of bean 'hello' 
DEBUG - Converting String to [int] using property editor [org.springframework.beans.propertyeditors.CustomNumberEditor@1629ce8c] 
DEBUG - Found destroy method on class [com.jlcindia.spring.Hello]: public void com.jlcindia.spring.Hello.cleanup() 
DEBUG - Found init method on class [com.jlcindia.spring.Hello]: public void com.jlcindia.spring.Hello.init1() 
DEBUG - Found init method on class [com.jlcindia.spring.Hello]: public void com.jlcindia.spring.Hello.init2() 
DEBUG - Found init method on class [com.jlcindia.spring.Hello]: org.springframework.beans.factory.annotation.InitDestroyAnnotationBeanPostProcessor$LifecycleElement@5fb3d21 
DEBUG - Found init method on class [com.jlcindia.spring.Hello]: org.springframework.beans.factory.annotation.InitDestroyAnnotationBeanPostProcessor$LifecycleElement@5fb3d22 
DEBUG - Found destroy method on class [com.jlcindia.spring.Hello]: org.springframework.beans.factory.annotation.InitDestroyAnnotationBeanPostProcessor$LifecycleElement@331156a4 
DEBUG - Found injected element on class [com.jlcindia.spring.Hello]: AutowiredFieldElement for com.jlcindia.spring.A com.jlcindia.spring.Hello.aobj 
DEBUG - Found injected element on class [com.jlcindia.spring.Hello]: AutowiredFieldElement for org.springframework.context.ApplicationContext com.jlcindia.spring.Hello.ctx2 
DEBUG - Found injected element on class [com.jlcindia.spring.Hello]: AutowiredFieldElement for org.springframework.beans.factory.BeanFactory com.jlcindia.spring.Hello.factory2 
DEBUG - Eagerly caching bean 'hello' to allow for resolving potential circular references 
DEBUG - Getting BeanInfo for class [com.jlcindia.spring.Hello] 
DEBUG - Caching PropertyDescriptors for class [com.jlcindia.spring.Hello] 
DEBUG - Found bean property 'applicationContext' of type [org.springframework.context.ApplicationContext] 
DEBUG - Found bean property 'beanFactory' of type [org.springframework.beans.factory.BeanFactory] 
DEBUG - Found bean property 'beanName' of type [java.lang.String] 
DEBUG - Found bean property 'bobj' of type [com.jlcindia.spring.B] 
DEBUG - Found bean property 'class' of type [java.lang.Class] 
DEBUG - Found bean property 'str' of type [java.lang.String] 
DEBUG - Returning cached instance of singleton bean 'bobj' 
DEBUG - Added autowiring by name from bean name 'hello' via property 'bobj' to bean named 'bobj' 
DEBUG - Processing injected method of bean 'hello': AutowiredFieldElement for com.jlcindia.spring.A com.jlcindia.spring.Hello.aobj 
DEBUG - Returning cached instance of singleton bean 'AO' 
DEBUG - Autowiring by type from bean name 'hello' to bean named 'AO' 
DEBUG - Processing injected method of bean 'hello': AutowiredFieldElement for org.springframework.context.ApplicationContext com.jlcindia.spring.Hello.ctx2 
DEBUG - Autowiring by type from bean name 'hello' to bean named 'org.springframework.context.support.ClassPathXmlApplicationContext@6aa6aeed' 
DEBUG - Processing injected method of bean 'hello': AutowiredFieldElement for org.springframework.beans.factory.BeanFactory com.jlcindia.spring.Hello.factory2 
DEBUG - Autowiring by type from bean name 'hello' to bean named 'org.springframework.beans.factory.support.DefaultListableBeanFactory@3af42ad0' 
DEBUG - Invoking init method on bean 'hello': public void com.jlcindia.spring.Hello.init1() 
DEBUG - Invoking init method on bean 'hello': public void com.jlcindia.spring.Hello.init2() 
DEBUG - Invoking afterPropertiesSet() on bean with name 'hello' 
DEBUG - Invoking init method  'myInit' on bean with name 'hello' 
DEBUG - Finished creating instance of bean 'hello' 
DEBUG - Unable to locate LifecycleProcessor with name 'lifecycleProcessor': using default [org.springframework.context.support.DefaultLifecycleProcessor@6833f0de] 
DEBUG - Returning cached instance of singleton bean 'lifecycleProcessor' 
DEBUG - Publishing event in org.springframework.context.support.ClassPathXmlApplicationContext@6aa6aeed: org.springframework.context.event.ContextRefreshedEvent[source=org.springframework.context.support.ClassPathXmlApplicationContext@6aa6aeed: startup date [Wed Feb 24 00:32:10 IST 2016]; root of context hierarchy] 
DEBUG - Returning cached instance of singleton bean 'hello' 
INFO - Closing org.springframework.context.support.ClassPathXmlApplicationContext@6aa6aeed: startup date [Wed Feb 24 00:32:10 IST 2016]; root of context hierarchy 
DEBUG - Publishing event in org.springframework.context.support.ClassPathXmlApplicationContext@6aa6aeed: org.springframework.context.event.ContextClosedEvent[source=org.springframework.context.support.ClassPathXmlApplicationContext@6aa6aeed: startup date [Wed Feb 24 00:32:10 IST 2016]; root of context hierarchy] 
DEBUG - Returning cached instance of singleton bean 'lifecycleProcessor' 
INFO - Destroying singletons in org.springframework.beans.factory.support.DefaultListableBeanFactory@3af42ad0: defining beans [org.springframework.context.annotation.internalConfigurationAnnotationProcessor,org.springframework.context.annotation.internalAutowiredAnnotationProcessor,org.springframework.context.annotation.internalRequiredAnnotationProcessor,org.springframework.context.annotation.internalCommonAnnotationProcessor,AO,bobj,hello]; root of factory hierarchy 
DEBUG - Invoking destroy method on bean 'hello': public void com.jlcindia.spring.Hello.cleanup() 
DEBUG - Invoking destroy() on bean with name 'hello' 
DEBUG - Invoking destroy method 'mycleanup' on bean with name 'hello' 
INFO - Loading XML bean definitions from class path resource [jlcindia.xml] 
DEBUG - Using JAXP provider [com.sun.org.apache.xerces.internal.jaxp.DocumentBuilderFactoryImpl] 
DEBUG - Trying to resolve XML entity with public id [null] and system id [http://www.springframework.org/schema/beans/spring-beans-3.0.xsd] 
DEBUG - Loading schema mappings from [META-INF/spring.schemas] 
DEBUG - Loaded schema mappings: {http://www.springframework.org/schema/oxm/spring-oxm-3.0.xsd=org/springframework/oxm/config/spring-oxm-3.0.xsd, http://www.springframework.org/schema/util/spring-util.xsd=org/springframework/beans/factory/xml/spring-util-3.0.xsd, http://www.springframework.org/schema/jms/spring-jms-3.0.xsd=org/springframework/jms/config/spring-jms-3.0.xsd, http://www.springframework.org/schema/task/spring-task.xsd=org/springframework/scheduling/config/spring-task-3.0.xsd, http://www.springframework.org/schema/aop/spring-aop-3.0.xsd=org/springframework/aop/config/spring-aop-3.0.xsd, http://www.springframework.org/schema/aop/spring-aop-2.0.xsd=org/springframework/aop/config/spring-aop-2.0.xsd, http://www.springframework.org/schema/oxm/spring-oxm.xsd=org/springframework/oxm/config/spring-oxm-3.0.xsd, http://www.springframework.org/schema/tool/spring-tool-2.5.xsd=org/springframework/beans/factory/xml/spring-tool-2.5.xsd, http://www.springframework.org/schema/beans/spring-beans.xsd=org/springframework/beans/factory/xml/spring-beans-3.0.xsd, http://www.springframework.org/schema/jee/spring-jee-2.5.xsd=org/springframework/ejb/config/spring-jee-2.5.xsd, http://www.springframework.org/schema/aop/spring-aop.xsd=org/springframework/aop/config/spring-aop-3.0.xsd, http://www.springframework.org/schema/beans/spring-beans-2.0.xsd=org/springframework/beans/factory/xml/spring-beans-2.0.xsd, http://www.springframework.org/schema/mvc/spring-mvc-3.0.xsd=org/springframework/web/servlet/config/spring-mvc-3.0.xsd, http://www.springframework.org/schema/beans/spring-beans-3.0.xsd=org/springframework/beans/factory/xml/spring-beans-3.0.xsd, http://www.springframework.org/schema/task/spring-task-3.0.xsd=org/springframework/scheduling/config/spring-task-3.0.xsd, http://www.springframework.org/schema/tx/spring-tx-2.5.xsd=org/springframework/transaction/config/spring-tx-2.5.xsd, http://www.springframework.org/schema/context/spring-context-2.5.xsd=org/springframework/context/config/spring-context-2.5.xsd, http://www.springframework.org/schema/jdbc/spring-jdbc-3.0.xsd=org/springframework/jdbc/config/spring-jdbc-3.0.xsd, http://www.springframework.org/schema/tool/spring-tool-3.0.xsd=org/springframework/beans/factory/xml/spring-tool-3.0.xsd, http://www.springframework.org/schema/tx/spring-tx.xsd=org/springframework/transaction/config/spring-tx-3.0.xsd, http://www.springframework.org/schema/tool/spring-tool-2.0.xsd=org/springframework/beans/factory/xml/spring-tool-2.0.xsd, http://www.springframework.org/schema/util/spring-util-2.5.xsd=org/springframework/beans/factory/xml/spring-util-2.5.xsd, http://www.springframework.org/schema/lang/spring-lang.xsd=org/springframework/scripting/config/spring-lang-3.0.xsd, http://www.springframework.org/schema/lang/spring-lang-2.5.xsd=org/springframework/scripting/config/spring-lang-2.5.xsd, http://www.springframework.org/schema/jee/spring-jee-3.0.xsd=org/springframework/ejb/config/spring-jee-3.0.xsd, http://www.springframework.org/schema/jee/spring-jee-2.0.xsd=org/springframework/ejb/config/spring-jee-2.0.xsd, http://www.springframework.org/schema/context/spring-context.xsd=org/springframework/context/config/spring-context-3.0.xsd, http://www.springframework.org/schema/jee/spring-jee.xsd=org/springframework/ejb/config/spring-jee-3.0.xsd, http://www.springframework.org/schema/jms/spring-jms-2.5.xsd=org/springframework/jms/config/spring-jms-2.5.xsd, http://www.springframework.org/schema/jms/spring-jms.xsd=org/springframework/jms/config/spring-jms-3.0.xsd, http://www.springframework.org/schema/aop/spring-aop-2.5.xsd=org/springframework/aop/config/spring-aop-2.5.xsd, http://www.springframework.org/schema/mvc/spring-mvc.xsd=org/springframework/web/servlet/config/spring-mvc-3.0.xsd, http://www.springframework.org/schema/jdbc/spring-jdbc.xsd=org/springframework/jdbc/config/spring-jdbc-3.0.xsd, http://www.springframework.org/schema/tx/spring-tx-2.0.xsd=org/springframework/transaction/config/spring-tx-2.0.xsd, http://www.springframework.org/schema/tx/spring-tx-3.0.xsd=org/springframework/transaction/config/spring-tx-3.0.xsd, http://www.springframework.org/schema/context/spring-context-3.0.xsd=org/springframework/context/config/spring-context-3.0.xsd, http://www.springframework.org/schema/tool/spring-tool.xsd=org/springframework/beans/factory/xml/spring-tool-3.0.xsd, http://www.springframework.org/schema/util/spring-util-3.0.xsd=org/springframework/beans/factory/xml/spring-util-3.0.xsd, http://www.springframework.org/schema/lang/spring-lang-3.0.xsd=org/springframework/scripting/config/spring-lang-3.0.xsd, http://www.springframework.org/schema/util/spring-util-2.0.xsd=org/springframework/beans/factory/xml/spring-util-2.0.xsd, http://www.springframework.org/schema/lang/spring-lang-2.0.xsd=org/springframework/scripting/config/spring-lang-2.0.xsd, http://www.springframework.org/schema/beans/spring-beans-2.5.xsd=org/springframework/beans/factory/xml/spring-beans-2.5.xsd} 
DEBUG - Found XML schema [http://www.springframework.org/schema/beans/spring-beans-3.0.xsd] in classpath: org/springframework/beans/factory/xml/spring-beans-3.0.xsd 
DEBUG - Trying to resolve XML entity with public id [null] and system id [http://www.springframework.org/schema/context/spring-context-3.0.xsd] 
DEBUG - Found XML schema [http://www.springframework.org/schema/context/spring-context-3.0.xsd] in classpath: org/springframework/context/config/spring-context-3.0.xsd 
DEBUG - Trying to resolve XML entity with public id [null] and system id [http://www.springframework.org/schema/tool/spring-tool-3.0.xsd] 
DEBUG - Found XML schema [http://www.springframework.org/schema/tool/spring-tool-3.0.xsd] in classpath: org/springframework/beans/factory/xml/spring-tool-3.0.xsd 
DEBUG - Loading bean definitions 
DEBUG - Loaded NamespaceHandler mappings: {http://www.springframework.org/schema/p=org.springframework.beans.factory.xml.SimplePropertyNamespaceHandler, http://www.springframework.org/schema/mvc=org.springframework.web.servlet.config.MvcNamespaceHandler, http://www.springframework.org/schema/util=org.springframework.beans.factory.xml.UtilNamespaceHandler, http://www.springframework.org/schema/jee=org.springframework.ejb.config.JeeNamespaceHandler, http://www.springframework.org/schema/aop=org.springframework.aop.config.AopNamespaceHandler, http://www.springframework.org/schema/oxm=org.springframework.oxm.config.OxmNamespaceHandler, http://www.springframework.org/schema/jdbc=org.springframework.jdbc.config.JdbcNamespaceHandler, http://www.springframework.org/schema/tx=org.springframework.transaction.config.TxNamespaceHandler, http://www.springframework.org/schema/jms=org.springframework.jms.config.JmsNamespaceHandler, http://www.springframework.org/schema/task=org.springframework.scheduling.config.TaskNamespaceHandler, http://www.springframework.org/schema/lang=org.springframework.scripting.config.LangNamespaceHandler, http://www.springframework.org/schema/context=org.springframework.context.config.ContextNamespaceHandler} 
DEBUG - Creating shared instance of singleton bean 'hello' 
DEBUG - Creating instance of bean 'hello' 
DEBUG - Converting String to [int] using property editor [org.springframework.beans.propertyeditors.CustomNumberEditor@353c375] 
DEBUG - Eagerly caching bean 'hello' to allow for resolving potential circular references 
DEBUG - Getting BeanInfo for class [com.jlcindia.spring.Hello] 
DEBUG - Caching PropertyDescriptors for class [com.jlcindia.spring.Hello] 
DEBUG - Found bean property 'applicationContext' of type [org.springframework.context.ApplicationContext] 
DEBUG - Found bean property 'beanFactory' of type [org.springframework.beans.factory.BeanFactory] 
DEBUG - Found bean property 'beanName' of type [java.lang.String] 
DEBUG - Found bean property 'bobj' of type [com.jlcindia.spring.B] 
DEBUG - Found bean property 'class' of type [java.lang.Class] 
DEBUG - Found bean property 'str' of type [java.lang.String] 
DEBUG - Not autowiring property 'applicationContext' of bean 'hello' by name: no matching bean found 
DEBUG - Creating shared instance of singleton bean 'bobj' 
DEBUG - Creating instance of bean 'bobj' 
DEBUG - Converting String to [int] using property editor [org.springframework.beans.propertyeditors.CustomNumberEditor@1c5d9084] 
DEBUG - Eagerly caching bean 'bobj' to allow for resolving potential circular references 
DEBUG - Finished creating instance of bean 'bobj' 
DEBUG - Added autowiring by name from bean name 'hello' via property 'bobj' to bean named 'bobj' 
DEBUG - Invoking afterPropertiesSet() on bean with name 'hello' 
DEBUG - Invoking init method  'myInit' on bean with name 'hello' 
DEBUG - Finished creating instance of bean 'hello' 
